[debug] [2017-09-21T06:48:52.073Z] ----------------------------------------------------------------------
[debug] [2017-09-21T06:48:52.075Z] Command:      C:\Program Files\nodejs\node.exe C:\Users\dutta\AppData\Roaming\npm\node_modules\firebase-tools\bin\firebase deploy
[debug] [2017-09-21T06:48:52.076Z] CLI Version:  3.9.1
[debug] [2017-09-21T06:48:52.076Z] Platform:     win32
[debug] [2017-09-21T06:48:52.076Z] Node Version: v8.1.3
[debug] [2017-09-21T06:48:52.076Z] Time:         Wed Sep 20 2017 23:48:52 GMT-0700 (Pacific Daylight Time)
[debug] [2017-09-21T06:48:52.076Z] ----------------------------------------------------------------------
[debug] 
[debug] [2017-09-21T06:48:52.094Z] > command requires scopes: ["email","openid","https://www.googleapis.com/auth/cloudplatformprojects.readonly","https://www.googleapis.com/auth/firebase","https://www.googleapis.com/auth/cloud-platform"]
[debug] [2017-09-21T06:48:52.095Z] > authorizing via signed-in user
[debug] [2017-09-21T06:48:52.096Z] > refreshing access token with scopes: ["email","https://www.googleapis.com/auth/cloud-platform","https://www.googleapis.com/auth/cloudplatformprojects.readonly","https://www.googleapis.com/auth/firebase","openid"]
[debug] [2017-09-21T06:48:52.097Z] >>> HTTP REQUEST POST https://www.googleapis.com/oauth2/v3/token { refresh_token: '1/6o3hMUIFz6neQ4ohTQeG-nKp43I3UgxzCRf8RqP3AYM',
  client_id: '563584335869-fgrhgmd47bqnekij5i8b5pr03ho849e6.apps.googleusercontent.com',
  client_secret: 'j9iVZfS8kkCEFUPaAeJV0sAi',
  grant_type: 'refresh_token',
  scope: 'email https://www.googleapis.com/auth/cloud-platform https://www.googleapis.com/auth/cloudplatformprojects.readonly https://www.googleapis.com/auth/firebase openid' } 
 Wed Sep 20 2017 23:48:52 GMT-0700 (Pacific Daylight Time)
[debug] [2017-09-21T06:48:52.383Z] <<< HTTP RESPONSE 200
[debug] [2017-09-21T06:48:52.390Z] >>> HTTP REQUEST GET https://admin.firebase.com/v1/projects/earthgrid-cc4e4  
 Wed Sep 20 2017 23:48:52 GMT-0700 (Pacific Daylight Time)
[debug] [2017-09-21T06:48:52.962Z] <<< HTTP RESPONSE 200
[debug] [2017-09-21T06:48:52.963Z] >>> HTTP REQUEST GET https://admin.firebase.com/v1/database/earthgrid-cc4e4/tokens  
 Wed Sep 20 2017 23:48:52 GMT-0700 (Pacific Daylight Time)
[debug] [2017-09-21T06:48:53.451Z] <<< HTTP RESPONSE 200
[info] 
[info] === Deploying to 'earthgrid-cc4e4'...
[info] 
[info] i  deploying hosting
[info] i  hosting: preparing build/default directory for upload...
[debug] [2017-09-21T06:48:55.439Z] >>> HTTP REQUEST PUT https://deploy.firebase.com/v1/hosting/earthgrid-cc4e4/uploads/-KuYBZb_s_jZes8h3uBN?fileCount=139&message=  
 Wed Sep 20 2017 23:48:55 GMT-0700 (Pacific Daylight Time)
[debug] [2017-09-21T06:49:03.218Z] <<< HTTP RESPONSE 200
[debug] [2017-09-21T06:49:03.218Z] [hosting] .tgz uploaded successfully, waiting for extraction
